[2025-08-24T20:05:44.502+0000] {taskinstance.py:1956} INFO - Dependencies all met for dep_context=non-requeueable deps ti=<TaskInstance: weather_etl.transform_new_york manual__2025-08-24T20:00:40.718194+00:00 [queued]>
[2025-08-24T20:05:44.514+0000] {taskinstance.py:1956} INFO - Dependencies all met for dep_context=requeueable deps ti=<TaskInstance: weather_etl.transform_new_york manual__2025-08-24T20:00:40.718194+00:00 [queued]>
[2025-08-24T20:05:44.515+0000] {taskinstance.py:2170} INFO - Starting attempt 2 of 2
[2025-08-24T20:05:44.532+0000] {taskinstance.py:2191} INFO - Executing <Task(PythonOperator): transform_new_york> on 2025-08-24 20:00:40.718194+00:00
[2025-08-24T20:05:44.539+0000] {standard_task_runner.py:60} INFO - Started process 270 to run task
[2025-08-24T20:05:44.543+0000] {standard_task_runner.py:87} INFO - Running: ['***', 'tasks', 'run', 'weather_etl', 'transform_new_york', 'manual__2025-08-24T20:00:40.718194+00:00', '--job-id', '51', '--raw', '--subdir', 'DAGS_FOLDER/weather_etl.py', '--cfg-path', '/tmp/tmpe2vv55i0']
[2025-08-24T20:05:44.548+0000] {standard_task_runner.py:88} INFO - Job 51: Subtask transform_new_york
[2025-08-24T20:05:44.638+0000] {task_command.py:423} INFO - Running <TaskInstance: weather_etl.transform_new_york manual__2025-08-24T20:00:40.718194+00:00 [running]> on host 7b1c3b0dd09a
[2025-08-24T20:05:44.724+0000] {taskinstance.py:2480} INFO - Exporting env vars: AIRFLOW_CTX_DAG_OWNER='***' AIRFLOW_CTX_DAG_ID='weather_etl' AIRFLOW_CTX_TASK_ID='transform_new_york' AIRFLOW_CTX_EXECUTION_DATE='2025-08-24T20:00:40.718194+00:00' AIRFLOW_CTX_TRY_NUMBER='2' AIRFLOW_CTX_DAG_RUN_ID='manual__2025-08-24T20:00:40.718194+00:00'
[2025-08-24T20:05:44.736+0000] {taskinstance.py:2698} ERROR - Task failed with exception
Traceback (most recent call last):
  File "/home/airflow/.local/lib/python3.8/site-packages/airflow/models/taskinstance.py", line 433, in _execute_task
    result = execute_callable(context=context, **execute_callable_kwargs)
  File "/home/airflow/.local/lib/python3.8/site-packages/airflow/operators/python.py", line 199, in execute
    return_value = self.execute_callable()
  File "/home/airflow/.local/lib/python3.8/site-packages/airflow/operators/python.py", line 216, in execute_callable
    return self.python_callable(*self.op_args, **self.op_kwargs)
  File "/opt/airflow/dags/weather_etl.py", line 74, in transform_and_load
    raise ValueError(f"Missing expected keys in API response for {city}: {data}")
ValueError: Missing expected keys in API response for New York: {'cod': 401, 'message': 'Invalid API key. Please see https://openweathermap.org/faq#error401 for more info.'}
[2025-08-24T20:05:44.750+0000] {taskinstance.py:1138} INFO - Marking task as FAILED. dag_id=weather_etl, task_id=transform_new_york, execution_date=20250824T200040, start_date=20250824T200544, end_date=20250824T200544
[2025-08-24T20:05:44.765+0000] {standard_task_runner.py:107} ERROR - Failed to execute job 51 for task transform_new_york (Missing expected keys in API response for New York: {'cod': 401, 'message': 'Invalid API key. Please see https://openweathermap.org/faq#error401 for more info.'}; 270)
[2025-08-24T20:05:44.795+0000] {local_task_job_runner.py:234} INFO - Task exited with return code 1
[2025-08-24T20:05:44.824+0000] {taskinstance.py:3280} INFO - 0 downstream tasks scheduled from follow-on schedule check
