[2025-08-24T20:00:06.238+0000] {taskinstance.py:1956} INFO - Dependencies all met for dep_context=non-requeueable deps ti=<TaskInstance: weather_etl.load_raw_tokyo scheduled__2025-08-24T19:00:00+00:00 [queued]>
[2025-08-24T20:00:06.250+0000] {taskinstance.py:1956} INFO - Dependencies all met for dep_context=requeueable deps ti=<TaskInstance: weather_etl.load_raw_tokyo scheduled__2025-08-24T19:00:00+00:00 [queued]>
[2025-08-24T20:00:06.251+0000] {taskinstance.py:2170} INFO - Starting attempt 1 of 2
[2025-08-24T20:00:06.272+0000] {taskinstance.py:2191} INFO - Executing <Task(PythonOperator): load_raw_tokyo> on 2025-08-24 19:00:00+00:00
[2025-08-24T20:00:06.280+0000] {standard_task_runner.py:60} INFO - Started process 201 to run task
[2025-08-24T20:00:06.284+0000] {standard_task_runner.py:87} INFO - Running: ['***', 'tasks', 'run', 'weather_etl', 'load_raw_tokyo', 'scheduled__2025-08-24T19:00:00+00:00', '--job-id', '29', '--raw', '--subdir', 'DAGS_FOLDER/weather_etl.py', '--cfg-path', '/tmp/tmpxdf7pjv5']
[2025-08-24T20:00:06.287+0000] {standard_task_runner.py:88} INFO - Job 29: Subtask load_raw_tokyo
[2025-08-24T20:00:06.379+0000] {task_command.py:423} INFO - Running <TaskInstance: weather_etl.load_raw_tokyo scheduled__2025-08-24T19:00:00+00:00 [running]> on host 7b1c3b0dd09a
[2025-08-24T20:00:06.487+0000] {taskinstance.py:2480} INFO - Exporting env vars: AIRFLOW_CTX_DAG_OWNER='***' AIRFLOW_CTX_DAG_ID='weather_etl' AIRFLOW_CTX_TASK_ID='load_raw_tokyo' AIRFLOW_CTX_EXECUTION_DATE='2025-08-24T19:00:00+00:00' AIRFLOW_CTX_TRY_NUMBER='1' AIRFLOW_CTX_DAG_RUN_ID='scheduled__2025-08-24T19:00:00+00:00'
[2025-08-24T20:00:06.514+0000] {taskinstance.py:2698} ERROR - Task failed with exception
Traceback (most recent call last):
  File "/home/airflow/.local/lib/python3.8/site-packages/airflow/models/taskinstance.py", line 433, in _execute_task
    result = execute_callable(context=context, **execute_callable_kwargs)
  File "/home/airflow/.local/lib/python3.8/site-packages/airflow/operators/python.py", line 199, in execute
    return_value = self.execute_callable()
  File "/home/airflow/.local/lib/python3.8/site-packages/airflow/operators/python.py", line 216, in execute_callable
    return self.python_callable(*self.op_args, **self.op_kwargs)
  File "/opt/airflow/dags/weather_etl.py", line 56, in load_raw_weather
    cur.execute("""
psycopg2.errors.UniqueViolation: duplicate key value violates unique constraint "pg_type_typname_nsp_index"
DETAIL:  Key (typname, typnamespace)=(raw_weather, 2200) already exists.

[2025-08-24T20:00:06.530+0000] {taskinstance.py:1138} INFO - Marking task as UP_FOR_RETRY. dag_id=weather_etl, task_id=load_raw_tokyo, execution_date=20250824T190000, start_date=20250824T200006, end_date=20250824T200006
[2025-08-24T20:00:06.545+0000] {standard_task_runner.py:107} ERROR - Failed to execute job 29 for task load_raw_tokyo (duplicate key value violates unique constraint "pg_type_typname_nsp_index"
DETAIL:  Key (typname, typnamespace)=(raw_weather, 2200) already exists.
; 201)
[2025-08-24T20:00:06.579+0000] {local_task_job_runner.py:234} INFO - Task exited with return code 1
[2025-08-24T20:00:06.641+0000] {taskinstance.py:3280} INFO - 0 downstream tasks scheduled from follow-on schedule check
