[2025-08-24T18:01:06.359+0000] {manager.py:469} INFO - Processing files using up to 2 processes at a time 
[2025-08-24T18:01:06.361+0000] {manager.py:470} INFO - Process each file at most once every 30 seconds
[2025-08-24T18:01:06.362+0000] {manager.py:471} INFO - Checking for new files in /opt/airflow/dags every 300 seconds
[2025-08-24T18:01:06.363+0000] {manager.py:738} INFO - Searching for files in /opt/airflow/dags
[2025-08-24T18:01:06.369+0000] {manager.py:741} INFO - There are 0 files in /opt/airflow/dags
[2025-08-24T18:06:07.315+0000] {manager.py:738} INFO - Searching for files in /opt/airflow/dags
[2025-08-24T18:06:07.331+0000] {manager.py:741} INFO - There are 0 files in /opt/airflow/dags
[2025-08-24T18:11:07.804+0000] {manager.py:738} INFO - Searching for files in /opt/airflow/dags
[2025-08-24T18:11:07.811+0000] {manager.py:741} INFO - There are 0 files in /opt/airflow/dags
[2025-08-24T18:16:08.216+0000] {manager.py:738} INFO - Searching for files in /opt/airflow/dags
[2025-08-24T18:16:08.226+0000] {manager.py:741} INFO - There are 0 files in /opt/airflow/dags
[2025-08-24T18:21:08.310+0000] {manager.py:738} INFO - Searching for files in /opt/airflow/dags
[2025-08-24T18:21:08.322+0000] {manager.py:741} INFO - There are 0 files in /opt/airflow/dags
[2025-08-24T18:26:08.311+0000] {manager.py:738} INFO - Searching for files in /opt/airflow/dags
[2025-08-24T18:26:08.319+0000] {manager.py:741} INFO - There are 0 files in /opt/airflow/dags
[2025-08-24T18:31:09.249+0000] {manager.py:738} INFO - Searching for files in /opt/airflow/dags
[2025-08-24T18:31:09.270+0000] {manager.py:741} INFO - There are 0 files in /opt/airflow/dags
[2025-08-24T18:46:18.365+0000] {manager.py:738} INFO - Searching for files in /opt/airflow/dags
[2025-08-24T18:46:18.370+0000] {manager.py:741} INFO - There are 0 files in /opt/airflow/dags
[2025-08-24T18:59:14.226+0000] {manager.py:738} INFO - Searching for files in /opt/airflow/dags
[2025-08-24T18:59:14.343+0000] {manager.py:741} INFO - There are 0 files in /opt/airflow/dags
[2025-08-24T19:04:15.008+0000] {manager.py:738} INFO - Searching for files in /opt/airflow/dags
[2025-08-24T19:04:15.061+0000] {manager.py:741} INFO - There are 0 files in /opt/airflow/dags
[2025-08-24T19:09:15.853+0000] {manager.py:738} INFO - Searching for files in /opt/airflow/dags
[2025-08-24T19:09:15.884+0000] {manager.py:741} INFO - There are 1 files in /opt/airflow/dags
[2025-08-24T19:09:18.661+0000] {manager.py:879} INFO - 
================================================================================
DAG File Processing Stats

File Path                         PID    Runtime      # DAGs    # Errors  Last Runtime    Last Run
--------------------------------  -----  ---------  --------  ----------  --------------  -------------------
/opt/airflow/dags/weather_etl.py                           1           0  1.63s           2025-08-24T19:09:17
================================================================================
[2025-08-24T19:09:49.392+0000] {manager.py:879} INFO - 
================================================================================
DAG File Processing Stats

File Path                         PID    Runtime      # DAGs    # Errors  Last Runtime    Last Run
--------------------------------  -----  ---------  --------  ----------  --------------  -------------------
/opt/airflow/dags/weather_etl.py                           1           0  0.49s           2025-08-24T19:09:48
================================================================================
[2025-08-24T19:09:52.237+0000] {manager.py:451} INFO - Exiting gracefully upon receiving signal 15
[2025-08-24T19:10:02.359+0000] {manager.py:469} INFO - Processing files using up to 2 processes at a time 
[2025-08-24T19:10:02.361+0000] {manager.py:470} INFO - Process each file at most once every 30 seconds
[2025-08-24T19:10:02.362+0000] {manager.py:471} INFO - Checking for new files in /opt/airflow/dags every 300 seconds
[2025-08-24T19:10:02.363+0000] {manager.py:738} INFO - Searching for files in /opt/airflow/dags
[2025-08-24T19:10:02.412+0000] {manager.py:741} INFO - There are 1 files in /opt/airflow/dags
[2025-08-24T19:10:02.499+0000] {manager.py:879} INFO - 
================================================================================
DAG File Processing Stats

File Path                           PID  Runtime      # DAGs    # Errors  Last Runtime    Last Run
--------------------------------  -----  ---------  --------  ----------  --------------  ----------
/opt/airflow/dags/weather_etl.py    171  0.04s             0           0
================================================================================
[2025-08-24T19:10:32.912+0000] {manager.py:879} INFO - 
================================================================================
DAG File Processing Stats

File Path                           PID  Runtime      # DAGs    # Errors  Last Runtime    Last Run
--------------------------------  -----  ---------  --------  ----------  --------------  -------------------
/opt/airflow/dags/weather_etl.py    177  0.00s             1           0  0.38s           2025-08-24T19:10:02
================================================================================
[2025-08-24T19:11:03.599+0000] {manager.py:879} INFO - 
================================================================================
DAG File Processing Stats

File Path                           PID  Runtime      # DAGs    # Errors  Last Runtime    Last Run
--------------------------------  -----  ---------  --------  ----------  --------------  -------------------
/opt/airflow/dags/weather_etl.py    183  0.00s             1           0  0.41s           2025-08-24T19:10:33
================================================================================
[2025-08-24T19:11:34.077+0000] {manager.py:879} INFO - 
================================================================================
DAG File Processing Stats

File Path                           PID  Runtime      # DAGs    # Errors  Last Runtime    Last Run
--------------------------------  -----  ---------  --------  ----------  --------------  -------------------
/opt/airflow/dags/weather_etl.py    201  0.01s             1           0  0.38s           2025-08-24T19:11:03
================================================================================
[2025-08-24T19:12:04.698+0000] {manager.py:879} INFO - 
================================================================================
DAG File Processing Stats

File Path                           PID  Runtime      # DAGs    # Errors  Last Runtime    Last Run
--------------------------------  -----  ---------  --------  ----------  --------------  -------------------
/opt/airflow/dags/weather_etl.py    207  0.00s             1           0  0.39s           2025-08-24T19:11:34
================================================================================
[2025-08-24T19:12:35.179+0000] {manager.py:879} INFO - 
================================================================================
DAG File Processing Stats

File Path                           PID  Runtime      # DAGs    # Errors  Last Runtime    Last Run
--------------------------------  -----  ---------  --------  ----------  --------------  -------------------
/opt/airflow/dags/weather_etl.py    213  0.00s             1           0  0.38s           2025-08-24T19:12:05
================================================================================
[2025-08-24T19:13:05.889+0000] {manager.py:879} INFO - 
================================================================================
DAG File Processing Stats

File Path                           PID  Runtime      # DAGs    # Errors  Last Runtime    Last Run
--------------------------------  -----  ---------  --------  ----------  --------------  -------------------
/opt/airflow/dags/weather_etl.py    219  0.00s             1           0  0.33s           2025-08-24T19:12:35
================================================================================
[2025-08-24T19:13:36.344+0000] {manager.py:879} INFO - 
================================================================================
DAG File Processing Stats

File Path                           PID  Runtime      # DAGs    # Errors  Last Runtime    Last Run
--------------------------------  -----  ---------  --------  ----------  --------------  -------------------
/opt/airflow/dags/weather_etl.py    225  0.00s             1           0  0.32s           2025-08-24T19:13:06
================================================================================
[2025-08-24T19:14:06.976+0000] {manager.py:879} INFO - 
================================================================================
DAG File Processing Stats

File Path                           PID  Runtime      # DAGs    # Errors  Last Runtime    Last Run
--------------------------------  -----  ---------  --------  ----------  --------------  -------------------
/opt/airflow/dags/weather_etl.py    231  0.01s             1           0  0.42s           2025-08-24T19:13:36
================================================================================
[2025-08-24T19:14:37.594+0000] {manager.py:879} INFO - 
================================================================================
DAG File Processing Stats

File Path                           PID  Runtime      # DAGs    # Errors  Last Runtime    Last Run
--------------------------------  -----  ---------  --------  ----------  --------------  -------------------
/opt/airflow/dags/weather_etl.py    237  0.00s             1           0  0.44s           2025-08-24T19:14:07
================================================================================
[2025-08-24T19:15:03.120+0000] {manager.py:738} INFO - Searching for files in /opt/airflow/dags
[2025-08-24T19:15:03.189+0000] {manager.py:741} INFO - There are 1 files in /opt/airflow/dags
[2025-08-24T19:15:08.301+0000] {manager.py:879} INFO - 
================================================================================
DAG File Processing Stats

File Path                           PID  Runtime      # DAGs    # Errors  Last Runtime    Last Run
--------------------------------  -----  ---------  --------  ----------  --------------  -------------------
/opt/airflow/dags/weather_etl.py    243  0.00s             1           0  0.43s           2025-08-24T19:14:38
================================================================================
[2025-08-24T19:15:38.840+0000] {manager.py:879} INFO - 
================================================================================
DAG File Processing Stats

File Path                           PID  Runtime      # DAGs    # Errors  Last Runtime    Last Run
--------------------------------  -----  ---------  --------  ----------  --------------  -------------------
/opt/airflow/dags/weather_etl.py    249  0.00s             1           0  0.37s           2025-08-24T19:15:08
================================================================================
[2025-08-24T19:16:08.876+0000] {manager.py:879} INFO - 
================================================================================
DAG File Processing Stats

File Path                         PID    Runtime      # DAGs    # Errors  Last Runtime    Last Run
--------------------------------  -----  ---------  --------  ----------  --------------  -------------------
/opt/airflow/dags/weather_etl.py                           1           0  0.40s           2025-08-24T19:16:08
================================================================================
[2025-08-24T19:16:39.043+0000] {manager.py:879} INFO - 
================================================================================
DAG File Processing Stats

File Path                           PID  Runtime      # DAGs    # Errors  Last Runtime    Last Run
--------------------------------  -----  ---------  --------  ----------  --------------  -------------------
/opt/airflow/dags/weather_etl.py    267  0.00s             1           0  0.40s           2025-08-24T19:16:08
================================================================================
[2025-08-24T19:16:57.281+0000] {manager.py:451} INFO - Exiting gracefully upon receiving signal 15
[2025-08-24T19:17:04.894+0000] {manager.py:469} INFO - Processing files using up to 2 processes at a time 
[2025-08-24T19:17:04.895+0000] {manager.py:470} INFO - Process each file at most once every 30 seconds
[2025-08-24T19:17:04.895+0000] {manager.py:471} INFO - Checking for new files in /opt/airflow/dags every 300 seconds
[2025-08-24T19:17:04.897+0000] {manager.py:738} INFO - Searching for files in /opt/airflow/dags
[2025-08-24T19:17:04.929+0000] {manager.py:741} INFO - There are 1 files in /opt/airflow/dags
[2025-08-24T19:17:05.019+0000] {manager.py:879} INFO - 
================================================================================
DAG File Processing Stats

File Path                           PID  Runtime      # DAGs    # Errors  Last Runtime    Last Run
--------------------------------  -----  ---------  --------  ----------  --------------  ----------
/opt/airflow/dags/weather_etl.py    171  0.03s             0           0
================================================================================
[2025-08-24T19:17:35.454+0000] {manager.py:879} INFO - 
================================================================================
DAG File Processing Stats

File Path                           PID  Runtime      # DAGs    # Errors  Last Runtime    Last Run
--------------------------------  -----  ---------  --------  ----------  --------------  -------------------
/opt/airflow/dags/weather_etl.py    177  0.00s             1           0  0.37s           2025-08-24T19:17:05
================================================================================
[2025-08-24T19:18:06.252+0000] {manager.py:879} INFO - 
================================================================================
DAG File Processing Stats

File Path                           PID  Runtime      # DAGs    # Errors  Last Runtime    Last Run
--------------------------------  -----  ---------  --------  ----------  --------------  -------------------
/opt/airflow/dags/weather_etl.py    183  0.01s             1           0  0.35s           2025-08-24T19:17:35
================================================================================
[2025-08-24T19:18:36.671+0000] {manager.py:879} INFO - 
================================================================================
DAG File Processing Stats

File Path                           PID  Runtime      # DAGs    # Errors  Last Runtime    Last Run
--------------------------------  -----  ---------  --------  ----------  --------------  -------------------
/opt/airflow/dags/weather_etl.py    195  0.00s             1           0  0.36s           2025-08-24T19:18:06
================================================================================
[2025-08-24T19:19:07.293+0000] {manager.py:879} INFO - 
================================================================================
DAG File Processing Stats

File Path                           PID  Runtime      # DAGs    # Errors  Last Runtime    Last Run
--------------------------------  -----  ---------  --------  ----------  --------------  -------------------
/opt/airflow/dags/weather_etl.py    201  0.00s             1           0  0.36s           2025-08-24T19:18:37
================================================================================
[2025-08-24T19:19:37.658+0000] {manager.py:879} INFO - 
================================================================================
DAG File Processing Stats

File Path                         PID    Runtime      # DAGs    # Errors  Last Runtime    Last Run
--------------------------------  -----  ---------  --------  ----------  --------------  -------------------
/opt/airflow/dags/weather_etl.py                           1           0  0.38s           2025-08-24T19:19:07
================================================================================
[2025-08-24T19:20:07.857+0000] {manager.py:879} INFO - 
================================================================================
DAG File Processing Stats

File Path                         PID    Runtime      # DAGs    # Errors  Last Runtime    Last Run
--------------------------------  -----  ---------  --------  ----------  --------------  -------------------
/opt/airflow/dags/weather_etl.py                           1           0  0.46s           2025-08-24T19:19:38
================================================================================
[2025-08-24T19:20:38.273+0000] {manager.py:879} INFO - 
================================================================================
DAG File Processing Stats

File Path                         PID    Runtime      # DAGs    # Errors  Last Runtime    Last Run
--------------------------------  -----  ---------  --------  ----------  --------------  -------------------
/opt/airflow/dags/weather_etl.py                           1           0  0.44s           2025-08-24T19:20:09
================================================================================
[2025-08-24T19:21:08.670+0000] {manager.py:879} INFO - 
================================================================================
DAG File Processing Stats

File Path                         PID    Runtime      # DAGs    # Errors  Last Runtime    Last Run
--------------------------------  -----  ---------  --------  ----------  --------------  -------------------
/opt/airflow/dags/weather_etl.py                           1           0  0.42s           2025-08-24T19:20:40
================================================================================
[2025-08-24T19:21:39.035+0000] {manager.py:879} INFO - 
================================================================================
DAG File Processing Stats

File Path                         PID    Runtime      # DAGs    # Errors  Last Runtime    Last Run
--------------------------------  -----  ---------  --------  ----------  --------------  -------------------
/opt/airflow/dags/weather_etl.py                           1           0  0.39s           2025-08-24T19:21:11
================================================================================
[2025-08-24T19:22:05.260+0000] {manager.py:738} INFO - Searching for files in /opt/airflow/dags
[2025-08-24T19:22:05.369+0000] {manager.py:741} INFO - There are 1 files in /opt/airflow/dags
[2025-08-24T19:22:09.442+0000] {manager.py:879} INFO - 
================================================================================
DAG File Processing Stats

File Path                         PID    Runtime      # DAGs    # Errors  Last Runtime    Last Run
--------------------------------  -----  ---------  --------  ----------  --------------  -------------------
/opt/airflow/dags/weather_etl.py                           1           0  0.41s           2025-08-24T19:21:41
================================================================================
[2025-08-24T19:22:39.844+0000] {manager.py:879} INFO - 
================================================================================
DAG File Processing Stats

File Path                         PID    Runtime      # DAGs    # Errors  Last Runtime    Last Run
--------------------------------  -----  ---------  --------  ----------  --------------  -------------------
/opt/airflow/dags/weather_etl.py                           1           0  0.32s           2025-08-24T19:22:12
================================================================================
[2025-08-24T19:23:10.174+0000] {manager.py:879} INFO - 
================================================================================
DAG File Processing Stats

File Path                         PID    Runtime      # DAGs    # Errors  Last Runtime    Last Run
--------------------------------  -----  ---------  --------  ----------  --------------  -------------------
/opt/airflow/dags/weather_etl.py                           1           0  0.40s           2025-08-24T19:22:43
================================================================================
[2025-08-24T19:23:40.556+0000] {manager.py:879} INFO - 
================================================================================
DAG File Processing Stats

File Path                         PID    Runtime      # DAGs    # Errors  Last Runtime    Last Run
--------------------------------  -----  ---------  --------  ----------  --------------  -------------------
/opt/airflow/dags/weather_etl.py                           1           0  0.46s           2025-08-24T19:23:14
================================================================================
[2025-08-24T19:24:10.976+0000] {manager.py:879} INFO - 
================================================================================
DAG File Processing Stats

File Path                         PID    Runtime      # DAGs    # Errors  Last Runtime    Last Run
--------------------------------  -----  ---------  --------  ----------  --------------  -------------------
/opt/airflow/dags/weather_etl.py                           1           0  0.31s           2025-08-24T19:23:44
================================================================================
[2025-08-24T19:24:41.386+0000] {manager.py:879} INFO - 
================================================================================
DAG File Processing Stats

File Path                         PID    Runtime      # DAGs    # Errors  Last Runtime    Last Run
--------------------------------  -----  ---------  --------  ----------  --------------  -------------------
/opt/airflow/dags/weather_etl.py                           1           0  0.30s           2025-08-24T19:24:15
================================================================================
[2025-08-24T19:25:12.065+0000] {manager.py:879} INFO - 
================================================================================
DAG File Processing Stats

File Path                         PID    Runtime      # DAGs    # Errors  Last Runtime    Last Run
--------------------------------  -----  ---------  --------  ----------  --------------  -------------------
/opt/airflow/dags/weather_etl.py                           1           0  0.43s           2025-08-24T19:24:45
================================================================================
[2025-08-24T19:25:42.670+0000] {manager.py:879} INFO - 
================================================================================
DAG File Processing Stats

File Path                         PID    Runtime      # DAGs    # Errors  Last Runtime    Last Run
--------------------------------  -----  ---------  --------  ----------  --------------  -------------------
/opt/airflow/dags/weather_etl.py                           1           0  0.43s           2025-08-24T19:25:16
================================================================================
[2025-08-24T19:26:13.288+0000] {manager.py:879} INFO - 
================================================================================
DAG File Processing Stats

File Path                         PID    Runtime      # DAGs    # Errors  Last Runtime    Last Run
--------------------------------  -----  ---------  --------  ----------  --------------  -------------------
/opt/airflow/dags/weather_etl.py                           1           0  0.50s           2025-08-24T19:25:47
================================================================================
[2025-08-24T19:26:44.016+0000] {manager.py:879} INFO - 
================================================================================
DAG File Processing Stats

File Path                         PID    Runtime      # DAGs    # Errors  Last Runtime    Last Run
--------------------------------  -----  ---------  --------  ----------  --------------  -------------------
/opt/airflow/dags/weather_etl.py                           1           0  0.38s           2025-08-24T19:26:17
================================================================================
[2025-08-24T19:27:05.335+0000] {manager.py:738} INFO - Searching for files in /opt/airflow/dags
[2025-08-24T19:27:05.388+0000] {manager.py:741} INFO - There are 1 files in /opt/airflow/dags
[2025-08-24T19:27:14.543+0000] {manager.py:879} INFO - 
================================================================================
DAG File Processing Stats

File Path                         PID    Runtime      # DAGs    # Errors  Last Runtime    Last Run
--------------------------------  -----  ---------  --------  ----------  --------------  -------------------
/opt/airflow/dags/weather_etl.py                           1           0  0.33s           2025-08-24T19:26:48
================================================================================
[2025-08-24T19:27:45.255+0000] {manager.py:879} INFO - 
================================================================================
DAG File Processing Stats

File Path                         PID    Runtime      # DAGs    # Errors  Last Runtime    Last Run
--------------------------------  -----  ---------  --------  ----------  --------------  -------------------
/opt/airflow/dags/weather_etl.py                           1           0  0.40s           2025-08-24T19:27:19
================================================================================
[2025-08-24T19:28:16.008+0000] {manager.py:879} INFO - 
================================================================================
DAG File Processing Stats

File Path                         PID    Runtime      # DAGs    # Errors  Last Runtime    Last Run
--------------------------------  -----  ---------  --------  ----------  --------------  -------------------
/opt/airflow/dags/weather_etl.py                           1           0  0.38s           2025-08-24T19:27:49
================================================================================
[2025-08-24T19:28:46.667+0000] {manager.py:879} INFO - 
================================================================================
DAG File Processing Stats

File Path                         PID    Runtime      # DAGs    # Errors  Last Runtime    Last Run
--------------------------------  -----  ---------  --------  ----------  --------------  -------------------
/opt/airflow/dags/weather_etl.py                           1           0  0.43s           2025-08-24T19:28:20
================================================================================
[2025-08-24T19:29:17.413+0000] {manager.py:879} INFO - 
================================================================================
DAG File Processing Stats

File Path                         PID    Runtime      # DAGs    # Errors  Last Runtime    Last Run
--------------------------------  -----  ---------  --------  ----------  --------------  -------------------
/opt/airflow/dags/weather_etl.py                           1           0  0.35s           2025-08-24T19:28:51
================================================================================
[2025-08-24T19:29:47.949+0000] {manager.py:879} INFO - 
================================================================================
DAG File Processing Stats

File Path                         PID    Runtime      # DAGs    # Errors  Last Runtime    Last Run
--------------------------------  -----  ---------  --------  ----------  --------------  -------------------
/opt/airflow/dags/weather_etl.py                           1           0  0.30s           2025-08-24T19:29:21
================================================================================
[2025-08-24T19:30:18.630+0000] {manager.py:879} INFO - 
================================================================================
DAG File Processing Stats

File Path                         PID    Runtime      # DAGs    # Errors  Last Runtime    Last Run
--------------------------------  -----  ---------  --------  ----------  --------------  -------------------
/opt/airflow/dags/weather_etl.py                           1           0  0.35s           2025-08-24T19:29:52
================================================================================
[2025-08-24T19:30:49.214+0000] {manager.py:879} INFO - 
================================================================================
DAG File Processing Stats

File Path                         PID    Runtime      # DAGs    # Errors  Last Runtime    Last Run
--------------------------------  -----  ---------  --------  ----------  --------------  -------------------
/opt/airflow/dags/weather_etl.py                           1           0  0.37s           2025-08-24T19:30:23
================================================================================
[2025-08-24T19:31:19.671+0000] {manager.py:879} INFO - 
================================================================================
DAG File Processing Stats

File Path                         PID    Runtime      # DAGs    # Errors  Last Runtime    Last Run
--------------------------------  -----  ---------  --------  ----------  --------------  -------------------
/opt/airflow/dags/weather_etl.py                           1           0  0.38s           2025-08-24T19:30:53
================================================================================
[2025-08-24T19:31:46.852+0000] {manager.py:451} INFO - Exiting gracefully upon receiving signal 15
[2025-08-24T19:31:54.502+0000] {manager.py:469} INFO - Processing files using up to 2 processes at a time 
[2025-08-24T19:31:54.504+0000] {manager.py:470} INFO - Process each file at most once every 30 seconds
[2025-08-24T19:31:54.505+0000] {manager.py:471} INFO - Checking for new files in /opt/airflow/dags every 300 seconds
[2025-08-24T19:31:54.506+0000] {manager.py:738} INFO - Searching for files in /opt/airflow/dags
[2025-08-24T19:31:54.538+0000] {manager.py:741} INFO - There are 1 files in /opt/airflow/dags
[2025-08-24T19:31:54.627+0000] {manager.py:879} INFO - 
================================================================================
DAG File Processing Stats

File Path                           PID  Runtime      # DAGs    # Errors  Last Runtime    Last Run
--------------------------------  -----  ---------  --------  ----------  --------------  ----------
/opt/airflow/dags/weather_etl.py    171  0.03s             0           0
================================================================================
[2025-08-24T19:32:24.920+0000] {manager.py:879} INFO - 
================================================================================
DAG File Processing Stats

File Path                         PID    Runtime      # DAGs    # Errors  Last Runtime    Last Run
--------------------------------  -----  ---------  --------  ----------  --------------  -------------------
/opt/airflow/dags/weather_etl.py                           1           0  0.37s           2025-08-24T19:31:54
================================================================================
[2025-08-24T19:32:55.115+0000] {manager.py:879} INFO - 
================================================================================
DAG File Processing Stats

File Path                         PID    Runtime      # DAGs    # Errors  Last Runtime    Last Run
--------------------------------  -----  ---------  --------  ----------  --------------  -------------------
/opt/airflow/dags/weather_etl.py                           1           0  0.39s           2025-08-24T19:32:25
================================================================================
[2025-08-24T19:33:25.506+0000] {manager.py:879} INFO - 
================================================================================
DAG File Processing Stats

File Path                         PID    Runtime      # DAGs    # Errors  Last Runtime    Last Run
--------------------------------  -----  ---------  --------  ----------  --------------  -------------------
/opt/airflow/dags/weather_etl.py                           1           0  0.43s           2025-08-24T19:32:56
================================================================================
[2025-08-24T19:33:55.796+0000] {manager.py:879} INFO - 
================================================================================
DAG File Processing Stats

File Path                         PID    Runtime      # DAGs    # Errors  Last Runtime    Last Run
--------------------------------  -----  ---------  --------  ----------  --------------  -------------------
/opt/airflow/dags/weather_etl.py                           1           0  0.37s           2025-08-24T19:33:27
================================================================================
[2025-08-24T19:34:26.173+0000] {manager.py:879} INFO - 
================================================================================
DAG File Processing Stats

File Path                         PID    Runtime      # DAGs    # Errors  Last Runtime    Last Run
--------------------------------  -----  ---------  --------  ----------  --------------  -------------------
/opt/airflow/dags/weather_etl.py                           1           0  0.42s           2025-08-24T19:33:57
================================================================================
[2025-08-24T19:34:56.395+0000] {manager.py:879} INFO - 
================================================================================
DAG File Processing Stats

File Path                         PID    Runtime      # DAGs    # Errors  Last Runtime    Last Run
--------------------------------  -----  ---------  --------  ----------  --------------  -------------------
/opt/airflow/dags/weather_etl.py                           1           0  0.37s           2025-08-24T19:34:27
================================================================================
[2025-08-24T19:35:26.860+0000] {manager.py:879} INFO - 
================================================================================
DAG File Processing Stats

File Path                         PID    Runtime      # DAGs    # Errors  Last Runtime    Last Run
--------------------------------  -----  ---------  --------  ----------  --------------  -------------------
/opt/airflow/dags/weather_etl.py                           1           0  0.37s           2025-08-24T19:34:58
================================================================================
[2025-08-24T19:35:57.320+0000] {manager.py:879} INFO - 
================================================================================
DAG File Processing Stats

File Path                         PID    Runtime      # DAGs    # Errors  Last Runtime    Last Run
--------------------------------  -----  ---------  --------  ----------  --------------  -------------------
/opt/airflow/dags/weather_etl.py                           1           0  0.35s           2025-08-24T19:35:29
================================================================================
[2025-08-24T19:36:27.848+0000] {manager.py:879} INFO - 
================================================================================
DAG File Processing Stats

File Path                         PID    Runtime      # DAGs    # Errors  Last Runtime    Last Run
--------------------------------  -----  ---------  --------  ----------  --------------  -------------------
/opt/airflow/dags/weather_etl.py                           1           0  0.30s           2025-08-24T19:35:59
================================================================================
[2025-08-24T19:36:54.559+0000] {manager.py:738} INFO - Searching for files in /opt/airflow/dags
[2025-08-24T19:36:54.630+0000] {manager.py:741} INFO - There are 1 files in /opt/airflow/dags
[2025-08-24T19:36:58.707+0000] {manager.py:879} INFO - 
================================================================================
DAG File Processing Stats

File Path                         PID    Runtime      # DAGs    # Errors  Last Runtime    Last Run
--------------------------------  -----  ---------  --------  ----------  --------------  -------------------
/opt/airflow/dags/weather_etl.py                           1           0  0.41s           2025-08-24T19:36:30
================================================================================
[2025-08-24T19:37:29.263+0000] {manager.py:879} INFO - 
================================================================================
DAG File Processing Stats

File Path                         PID    Runtime      # DAGs    # Errors  Last Runtime    Last Run
--------------------------------  -----  ---------  --------  ----------  --------------  -------------------
/opt/airflow/dags/weather_etl.py                           1           0  0.42s           2025-08-24T19:37:01
================================================================================
[2025-08-24T19:38:00.210+0000] {manager.py:879} INFO - 
================================================================================
DAG File Processing Stats

File Path                         PID    Runtime      # DAGs    # Errors  Last Runtime    Last Run
--------------------------------  -----  ---------  --------  ----------  --------------  -------------------
/opt/airflow/dags/weather_etl.py                           1           0  0.39s           2025-08-24T19:37:31
================================================================================
[2025-08-24T19:38:30.728+0000] {manager.py:879} INFO - 
================================================================================
DAG File Processing Stats

File Path                         PID    Runtime      # DAGs    # Errors  Last Runtime    Last Run
--------------------------------  -----  ---------  --------  ----------  --------------  -------------------
/opt/airflow/dags/weather_etl.py                           1           0  0.36s           2025-08-24T19:38:02
================================================================================
[2025-08-24T19:39:01.399+0000] {manager.py:879} INFO - 
================================================================================
DAG File Processing Stats

File Path                         PID    Runtime      # DAGs    # Errors  Last Runtime    Last Run
--------------------------------  -----  ---------  --------  ----------  --------------  -------------------
/opt/airflow/dags/weather_etl.py                           1           0  0.38s           2025-08-24T19:38:33
================================================================================
[2025-08-24T19:39:32.086+0000] {manager.py:879} INFO - 
================================================================================
DAG File Processing Stats

File Path                         PID    Runtime      # DAGs    # Errors  Last Runtime    Last Run
--------------------------------  -----  ---------  --------  ----------  --------------  -------------------
/opt/airflow/dags/weather_etl.py                           1           0  0.30s           2025-08-24T19:39:03
================================================================================
[2025-08-24T19:40:02.694+0000] {manager.py:879} INFO - 
================================================================================
DAG File Processing Stats

File Path                         PID    Runtime      # DAGs    # Errors  Last Runtime    Last Run
--------------------------------  -----  ---------  --------  ----------  --------------  -------------------
/opt/airflow/dags/weather_etl.py                           1           0  0.31s           2025-08-24T19:39:34
================================================================================
[2025-08-24T19:40:33.365+0000] {manager.py:879} INFO - 
================================================================================
DAG File Processing Stats

File Path                         PID    Runtime      # DAGs    # Errors  Last Runtime    Last Run
--------------------------------  -----  ---------  --------  ----------  --------------  -------------------
/opt/airflow/dags/weather_etl.py                           1           0  0.41s           2025-08-24T19:40:05
================================================================================
[2025-08-24T19:41:04.168+0000] {manager.py:879} INFO - 
================================================================================
DAG File Processing Stats

File Path                         PID    Runtime      # DAGs    # Errors  Last Runtime    Last Run
--------------------------------  -----  ---------  --------  ----------  --------------  -------------------
/opt/airflow/dags/weather_etl.py                           1           0  0.34s           2025-08-24T19:40:35
================================================================================
[2025-08-24T19:41:34.722+0000] {manager.py:879} INFO - 
================================================================================
DAG File Processing Stats

File Path                         PID    Runtime      # DAGs    # Errors  Last Runtime    Last Run
--------------------------------  -----  ---------  --------  ----------  --------------  -------------------
/opt/airflow/dags/weather_etl.py                           1           0  0.35s           2025-08-24T19:41:06
================================================================================
[2025-08-24T19:41:55.241+0000] {manager.py:738} INFO - Searching for files in /opt/airflow/dags
[2025-08-24T19:41:55.411+0000] {manager.py:741} INFO - There are 1 files in /opt/airflow/dags
[2025-08-24T19:42:05.603+0000] {manager.py:879} INFO - 
================================================================================
DAG File Processing Stats

File Path                         PID    Runtime      # DAGs    # Errors  Last Runtime    Last Run
--------------------------------  -----  ---------  --------  ----------  --------------  -------------------
/opt/airflow/dags/weather_etl.py                           1           0  0.29s           2025-08-24T19:41:37
================================================================================
[2025-08-24T19:42:36.111+0000] {manager.py:879} INFO - 
================================================================================
DAG File Processing Stats

File Path                         PID    Runtime      # DAGs    # Errors  Last Runtime    Last Run
--------------------------------  -----  ---------  --------  ----------  --------------  -------------------
/opt/airflow/dags/weather_etl.py                           1           0  0.32s           2025-08-24T19:42:07
================================================================================
[2025-08-24T19:43:06.912+0000] {manager.py:879} INFO - 
================================================================================
DAG File Processing Stats

File Path                         PID    Runtime      # DAGs    # Errors  Last Runtime    Last Run
--------------------------------  -----  ---------  --------  ----------  --------------  -------------------
/opt/airflow/dags/weather_etl.py                           1           0  0.42s           2025-08-24T19:42:38
================================================================================
[2025-08-24T19:43:37.377+0000] {manager.py:879} INFO - 
================================================================================
DAG File Processing Stats

File Path                         PID    Runtime      # DAGs    # Errors  Last Runtime    Last Run
--------------------------------  -----  ---------  --------  ----------  --------------  -------------------
/opt/airflow/dags/weather_etl.py                           1           0  0.36s           2025-08-24T19:43:09
================================================================================
[2025-08-24T19:44:08.029+0000] {manager.py:879} INFO - 
================================================================================
DAG File Processing Stats

File Path                         PID    Runtime      # DAGs    # Errors  Last Runtime    Last Run
--------------------------------  -----  ---------  --------  ----------  --------------  -------------------
/opt/airflow/dags/weather_etl.py                           1           0  0.32s           2025-08-24T19:43:39
================================================================================
[2025-08-24T19:44:38.581+0000] {manager.py:879} INFO - 
================================================================================
DAG File Processing Stats

File Path                         PID    Runtime      # DAGs    # Errors  Last Runtime    Last Run
--------------------------------  -----  ---------  --------  ----------  --------------  -------------------
/opt/airflow/dags/weather_etl.py                           1           0  0.48s           2025-08-24T19:44:10
================================================================================
[2025-08-24T19:45:09.134+0000] {manager.py:879} INFO - 
================================================================================
DAG File Processing Stats

File Path                         PID    Runtime      # DAGs    # Errors  Last Runtime    Last Run
--------------------------------  -----  ---------  --------  ----------  --------------  -------------------
/opt/airflow/dags/weather_etl.py                           1           0  0.30s           2025-08-24T19:44:40
================================================================================
[2025-08-24T19:45:39.822+0000] {manager.py:879} INFO - 
================================================================================
DAG File Processing Stats

File Path                         PID    Runtime      # DAGs    # Errors  Last Runtime    Last Run
--------------------------------  -----  ---------  --------  ----------  --------------  -------------------
/opt/airflow/dags/weather_etl.py                           1           0  0.41s           2025-08-24T19:45:11
================================================================================
[2025-08-24T19:46:10.569+0000] {manager.py:879} INFO - 
================================================================================
DAG File Processing Stats

File Path                         PID    Runtime      # DAGs    # Errors  Last Runtime    Last Run
--------------------------------  -----  ---------  --------  ----------  --------------  -------------------
/opt/airflow/dags/weather_etl.py                           1           0  0.39s           2025-08-24T19:45:42
================================================================================
[2025-08-24T19:46:41.106+0000] {manager.py:879} INFO - 
================================================================================
DAG File Processing Stats

File Path                         PID    Runtime      # DAGs    # Errors  Last Runtime    Last Run
--------------------------------  -----  ---------  --------  ----------  --------------  -------------------
/opt/airflow/dags/weather_etl.py                           1           0  0.41s           2025-08-24T19:46:13
================================================================================
[2025-08-24T19:46:55.625+0000] {manager.py:738} INFO - Searching for files in /opt/airflow/dags
[2025-08-24T19:46:55.657+0000] {manager.py:741} INFO - There are 1 files in /opt/airflow/dags
[2025-08-24T19:47:11.898+0000] {manager.py:879} INFO - 
================================================================================
DAG File Processing Stats

File Path                         PID    Runtime      # DAGs    # Errors  Last Runtime    Last Run
--------------------------------  -----  ---------  --------  ----------  --------------  -------------------
/opt/airflow/dags/weather_etl.py                           1           0  0.43s           2025-08-24T19:46:43
================================================================================
[2025-08-24T19:47:42.403+0000] {manager.py:879} INFO - 
================================================================================
DAG File Processing Stats

File Path                         PID    Runtime      # DAGs    # Errors  Last Runtime    Last Run
--------------------------------  -----  ---------  --------  ----------  --------------  -------------------
/opt/airflow/dags/weather_etl.py                           1           0  0.43s           2025-08-24T19:47:14
================================================================================
[2025-08-24T19:48:13.124+0000] {manager.py:879} INFO - 
================================================================================
DAG File Processing Stats

File Path                         PID    Runtime      # DAGs    # Errors  Last Runtime    Last Run
--------------------------------  -----  ---------  --------  ----------  --------------  -------------------
/opt/airflow/dags/weather_etl.py                           1           0  0.37s           2025-08-24T19:47:44
================================================================================
[2025-08-24T19:48:43.490+0000] {manager.py:879} INFO - 
================================================================================
DAG File Processing Stats

File Path                         PID    Runtime      # DAGs    # Errors  Last Runtime    Last Run
--------------------------------  -----  ---------  --------  ----------  --------------  -------------------
/opt/airflow/dags/weather_etl.py                           1           0  0.40s           2025-08-24T19:48:15
================================================================================
[2025-08-24T19:49:13.674+0000] {manager.py:879} INFO - 
================================================================================
DAG File Processing Stats

File Path                         PID    Runtime      # DAGs    # Errors  Last Runtime    Last Run
--------------------------------  -----  ---------  --------  ----------  --------------  -------------------
/opt/airflow/dags/weather_etl.py                           1           0  0.35s           2025-08-24T19:48:46
================================================================================
[2025-08-24T19:49:44.115+0000] {manager.py:879} INFO - 
================================================================================
DAG File Processing Stats

File Path                         PID    Runtime      # DAGs    # Errors  Last Runtime    Last Run
--------------------------------  -----  ---------  --------  ----------  --------------  -------------------
/opt/airflow/dags/weather_etl.py                           0           1  0.21s           2025-08-24T19:49:29
================================================================================
[2025-08-24T19:49:55.865+0000] {manager.py:451} INFO - Exiting gracefully upon receiving signal 15
[2025-08-24T19:50:02.390+0000] {manager.py:469} INFO - Processing files using up to 2 processes at a time 
[2025-08-24T19:50:02.392+0000] {manager.py:470} INFO - Process each file at most once every 30 seconds
[2025-08-24T19:50:02.393+0000] {manager.py:471} INFO - Checking for new files in /opt/airflow/dags every 300 seconds
[2025-08-24T19:50:02.393+0000] {manager.py:738} INFO - Searching for files in /opt/airflow/dags
[2025-08-24T19:50:02.428+0000] {manager.py:741} INFO - There are 1 files in /opt/airflow/dags
[2025-08-24T19:50:02.509+0000] {manager.py:879} INFO - 
================================================================================
DAG File Processing Stats

File Path                           PID  Runtime      # DAGs    # Errors  Last Runtime    Last Run
--------------------------------  -----  ---------  --------  ----------  --------------  ----------
/opt/airflow/dags/weather_etl.py    171  0.03s             0           0
================================================================================
[2025-08-24T19:50:32.850+0000] {manager.py:879} INFO - 
================================================================================
DAG File Processing Stats

File Path                           PID  Runtime      # DAGs    # Errors  Last Runtime    Last Run
--------------------------------  -----  ---------  --------  ----------  --------------  -------------------
/opt/airflow/dags/weather_etl.py    176  0.01s             0           1  0.09s           2025-08-24T19:50:02
================================================================================
[2025-08-24T19:51:03.343+0000] {manager.py:879} INFO - 
================================================================================
DAG File Processing Stats

File Path                           PID  Runtime      # DAGs    # Errors  Last Runtime    Last Run
--------------------------------  -----  ---------  --------  ----------  --------------  -------------------
/opt/airflow/dags/weather_etl.py    181  0.00s             0           1  0.09s           2025-08-24T19:50:32
================================================================================
[2025-08-24T19:51:33.834+0000] {manager.py:879} INFO - 
================================================================================
DAG File Processing Stats

File Path                           PID  Runtime      # DAGs    # Errors  Last Runtime    Last Run
--------------------------------  -----  ---------  --------  ----------  --------------  -------------------
/opt/airflow/dags/weather_etl.py    186  0.00s             0           1  0.13s           2025-08-24T19:51:03
================================================================================
[2025-08-24T19:52:04.320+0000] {manager.py:879} INFO - 
================================================================================
DAG File Processing Stats

File Path                           PID  Runtime      # DAGs    # Errors  Last Runtime    Last Run
--------------------------------  -----  ---------  --------  ----------  --------------  -------------------
/opt/airflow/dags/weather_etl.py    191  0.00s             0           1  0.14s           2025-08-24T19:51:33
================================================================================
[2025-08-24T19:52:34.796+0000] {manager.py:879} INFO - 
================================================================================
DAG File Processing Stats

File Path                           PID  Runtime      # DAGs    # Errors  Last Runtime    Last Run
--------------------------------  -----  ---------  --------  ----------  --------------  -------------------
/opt/airflow/dags/weather_etl.py    196  0.00s             0           1  0.11s           2025-08-24T19:52:04
================================================================================
[2025-08-24T19:53:05.190+0000] {manager.py:879} INFO - 
================================================================================
DAG File Processing Stats

File Path                           PID  Runtime      # DAGs    # Errors  Last Runtime    Last Run
--------------------------------  -----  ---------  --------  ----------  --------------  -------------------
/opt/airflow/dags/weather_etl.py    201  0.00s             0           1  0.16s           2025-08-24T19:52:34
================================================================================
[2025-08-24T19:53:35.678+0000] {manager.py:879} INFO - 
================================================================================
DAG File Processing Stats

File Path                           PID  Runtime      # DAGs    # Errors  Last Runtime    Last Run
--------------------------------  -----  ---------  --------  ----------  --------------  -------------------
/opt/airflow/dags/weather_etl.py    206  0.00s             0           1  0.17s           2025-08-24T19:53:05
================================================================================
[2025-08-24T19:54:06.255+0000] {manager.py:879} INFO - 
================================================================================
DAG File Processing Stats

File Path                           PID  Runtime      # DAGs    # Errors  Last Runtime    Last Run
--------------------------------  -----  ---------  --------  ----------  --------------  -------------------
/opt/airflow/dags/weather_etl.py    211  0.00s             0           1  0.14s           2025-08-24T19:53:35
================================================================================
[2025-08-24T19:54:36.732+0000] {manager.py:879} INFO - 
================================================================================
DAG File Processing Stats

File Path                           PID  Runtime      # DAGs    # Errors  Last Runtime    Last Run
--------------------------------  -----  ---------  --------  ----------  --------------  -------------------
/opt/airflow/dags/weather_etl.py    216  0.00s             0           1  0.14s           2025-08-24T19:54:06
================================================================================
[2025-08-24T19:55:03.198+0000] {manager.py:738} INFO - Searching for files in /opt/airflow/dags
[2025-08-24T19:55:03.264+0000] {manager.py:741} INFO - There are 1 files in /opt/airflow/dags
[2025-08-24T19:55:07.350+0000] {manager.py:879} INFO - 
================================================================================
DAG File Processing Stats

File Path                           PID  Runtime      # DAGs    # Errors  Last Runtime    Last Run
--------------------------------  -----  ---------  --------  ----------  --------------  -------------------
/opt/airflow/dags/weather_etl.py    221  0.01s             0           1  0.11s           2025-08-24T19:54:36
================================================================================
[2025-08-24T19:55:37.851+0000] {manager.py:879} INFO - 
================================================================================
DAG File Processing Stats

File Path                           PID  Runtime      # DAGs    # Errors  Last Runtime    Last Run
--------------------------------  -----  ---------  --------  ----------  --------------  -------------------
/opt/airflow/dags/weather_etl.py    226  0.00s             0           1  0.12s           2025-08-24T19:55:07
================================================================================
[2025-08-24T19:56:08.246+0000] {manager.py:879} INFO - 
================================================================================
DAG File Processing Stats

File Path                           PID  Runtime      # DAGs    # Errors  Last Runtime    Last Run
--------------------------------  -----  ---------  --------  ----------  --------------  -------------------
/opt/airflow/dags/weather_etl.py    231  0.01s             0           1  0.11s           2025-08-24T19:55:37
================================================================================
[2025-08-24T19:56:38.914+0000] {manager.py:879} INFO - 
================================================================================
DAG File Processing Stats

File Path                           PID  Runtime      # DAGs    # Errors  Last Runtime    Last Run
--------------------------------  -----  ---------  --------  ----------  --------------  -------------------
/opt/airflow/dags/weather_etl.py    236  0.01s             0           1  0.16s           2025-08-24T19:56:08
================================================================================
[2025-08-24T19:57:09.403+0000] {manager.py:879} INFO - 
================================================================================
DAG File Processing Stats

File Path                           PID  Runtime      # DAGs    # Errors  Last Runtime    Last Run
--------------------------------  -----  ---------  --------  ----------  --------------  -------------------
/opt/airflow/dags/weather_etl.py    241  0.00s             0           1  0.16s           2025-08-24T19:56:39
================================================================================
[2025-08-24T19:57:39.788+0000] {manager.py:879} INFO - 
================================================================================
DAG File Processing Stats

File Path                         PID    Runtime      # DAGs    # Errors  Last Runtime    Last Run
--------------------------------  -----  ---------  --------  ----------  --------------  -------------------
/opt/airflow/dags/weather_etl.py                           0           1  0.19s           2025-08-24T19:57:34
================================================================================
[2025-08-24T19:58:10.223+0000] {manager.py:879} INFO - 
================================================================================
DAG File Processing Stats

File Path                         PID    Runtime      # DAGs    # Errors  Last Runtime    Last Run
--------------------------------  -----  ---------  --------  ----------  --------------  -------------------
/opt/airflow/dags/weather_etl.py                           0           1  0.13s           2025-08-24T19:58:05
================================================================================
[2025-08-24T19:58:40.771+0000] {manager.py:879} INFO - 
================================================================================
DAG File Processing Stats

File Path                         PID    Runtime      # DAGs    # Errors  Last Runtime    Last Run
--------------------------------  -----  ---------  --------  ----------  --------------  -------------------
/opt/airflow/dags/weather_etl.py                           0           1  0.14s           2025-08-24T19:58:35
================================================================================
[2025-08-24T19:59:04.059+0000] {manager.py:451} INFO - Exiting gracefully upon receiving signal 15
[2025-08-24T19:59:11.192+0000] {manager.py:469} INFO - Processing files using up to 2 processes at a time 
[2025-08-24T19:59:11.193+0000] {manager.py:470} INFO - Process each file at most once every 30 seconds
[2025-08-24T19:59:11.194+0000] {manager.py:471} INFO - Checking for new files in /opt/airflow/dags every 300 seconds
[2025-08-24T19:59:11.194+0000] {manager.py:738} INFO - Searching for files in /opt/airflow/dags
[2025-08-24T19:59:11.229+0000] {manager.py:741} INFO - There are 1 files in /opt/airflow/dags
[2025-08-24T19:59:11.322+0000] {manager.py:879} INFO - 
================================================================================
DAG File Processing Stats

File Path                           PID  Runtime      # DAGs    # Errors  Last Runtime    Last Run
--------------------------------  -----  ---------  --------  ----------  --------------  ----------
/opt/airflow/dags/weather_etl.py    171  0.05s             0           0
================================================================================
[2025-08-24T19:59:41.732+0000] {manager.py:879} INFO - 
================================================================================
DAG File Processing Stats

File Path                           PID  Runtime      # DAGs    # Errors  Last Runtime    Last Run
--------------------------------  -----  ---------  --------  ----------  --------------  -------------------
/opt/airflow/dags/weather_etl.py    176  0.00s             0           1  0.14s           2025-08-24T19:59:11
================================================================================
[2025-08-24T20:00:12.142+0000] {manager.py:879} INFO - 
================================================================================
DAG File Processing Stats

File Path                         PID    Runtime      # DAGs    # Errors  Last Runtime    Last Run
--------------------------------  -----  ---------  --------  ----------  --------------  -------------------
/opt/airflow/dags/weather_etl.py                           1           0  0.30s           2025-08-24T20:00:04
================================================================================
[2025-08-24T20:00:15.877+0000] {manager.py:451} INFO - Exiting gracefully upon receiving signal 15
[2025-08-24T20:00:22.784+0000] {manager.py:469} INFO - Processing files using up to 2 processes at a time 
[2025-08-24T20:00:22.785+0000] {manager.py:470} INFO - Process each file at most once every 30 seconds
[2025-08-24T20:00:22.785+0000] {manager.py:471} INFO - Checking for new files in /opt/airflow/dags every 300 seconds
[2025-08-24T20:00:22.787+0000] {manager.py:738} INFO - Searching for files in /opt/airflow/dags
[2025-08-24T20:00:22.827+0000] {manager.py:741} INFO - There are 1 files in /opt/airflow/dags
[2025-08-24T20:00:22.911+0000] {manager.py:879} INFO - 
================================================================================
DAG File Processing Stats

File Path                           PID  Runtime      # DAGs    # Errors  Last Runtime    Last Run
--------------------------------  -----  ---------  --------  ----------  --------------  ----------
/opt/airflow/dags/weather_etl.py    170  0.03s             0           0
================================================================================
[2025-08-24T20:00:53.235+0000] {manager.py:879} INFO - 
================================================================================
DAG File Processing Stats

File Path                           PID  Runtime      # DAGs    # Errors  Last Runtime    Last Run
--------------------------------  -----  ---------  --------  ----------  --------------  -------------------
/opt/airflow/dags/weather_etl.py    200  0.00s             1           0  0.16s           2025-08-24T20:00:23
================================================================================
[2025-08-24T20:01:23.640+0000] {manager.py:879} INFO - 
================================================================================
DAG File Processing Stats

File Path                           PID  Runtime      # DAGs    # Errors  Last Runtime    Last Run
--------------------------------  -----  ---------  --------  ----------  --------------  -------------------
/opt/airflow/dags/weather_etl.py    205  0.00s             1           0  0.20s           2025-08-24T20:00:53
================================================================================
[2025-08-24T20:01:54.084+0000] {manager.py:879} INFO - 
================================================================================
DAG File Processing Stats

File Path                           PID  Runtime      # DAGs    # Errors  Last Runtime    Last Run
--------------------------------  -----  ---------  --------  ----------  --------------  -------------------
/opt/airflow/dags/weather_etl.py    210  0.00s             1           0  0.19s           2025-08-24T20:01:23
================================================================================
[2025-08-24T20:02:24.510+0000] {manager.py:879} INFO - 
================================================================================
DAG File Processing Stats

File Path                           PID  Runtime      # DAGs    # Errors  Last Runtime    Last Run
--------------------------------  -----  ---------  --------  ----------  --------------  -------------------
/opt/airflow/dags/weather_etl.py    215  0.00s             1           0  0.22s           2025-08-24T20:01:54
================================================================================
[2025-08-24T20:02:54.890+0000] {manager.py:879} INFO - 
================================================================================
DAG File Processing Stats

File Path                           PID  Runtime      # DAGs    # Errors  Last Runtime    Last Run
--------------------------------  -----  ---------  --------  ----------  --------------  -------------------
/opt/airflow/dags/weather_etl.py    220  0.00s             1           0  0.16s           2025-08-24T20:02:24
================================================================================
[2025-08-24T20:03:25.326+0000] {manager.py:879} INFO - 
================================================================================
DAG File Processing Stats

File Path                           PID  Runtime      # DAGs    # Errors  Last Runtime    Last Run
--------------------------------  -----  ---------  --------  ----------  --------------  -------------------
/opt/airflow/dags/weather_etl.py    225  0.00s             1           0  0.15s           2025-08-24T20:02:55
================================================================================
[2025-08-24T20:03:55.907+0000] {manager.py:879} INFO - 
================================================================================
DAG File Processing Stats

File Path                           PID  Runtime      # DAGs    # Errors  Last Runtime    Last Run
--------------------------------  -----  ---------  --------  ----------  --------------  -------------------
/opt/airflow/dags/weather_etl.py    230  0.01s             1           0  0.17s           2025-08-24T20:03:25
================================================================================
[2025-08-24T20:04:26.253+0000] {manager.py:879} INFO - 
================================================================================
DAG File Processing Stats

File Path                           PID  Runtime      # DAGs    # Errors  Last Runtime    Last Run
--------------------------------  -----  ---------  --------  ----------  --------------  -------------------
/opt/airflow/dags/weather_etl.py    235  0.01s             1           0  0.26s           2025-08-24T20:03:56
================================================================================
[2025-08-24T20:04:56.665+0000] {manager.py:879} INFO - 
================================================================================
DAG File Processing Stats

File Path                           PID  Runtime      # DAGs    # Errors  Last Runtime    Last Run
--------------------------------  -----  ---------  --------  ----------  --------------  -------------------
/opt/airflow/dags/weather_etl.py    240  0.00s             1           0  0.20s           2025-08-24T20:04:26
================================================================================
[2025-08-24T20:05:23.004+0000] {manager.py:738} INFO - Searching for files in /opt/airflow/dags
[2025-08-24T20:05:23.045+0000] {manager.py:741} INFO - There are 1 files in /opt/airflow/dags
[2025-08-24T20:05:27.159+0000] {manager.py:879} INFO - 
================================================================================
DAG File Processing Stats

File Path                           PID  Runtime      # DAGs    # Errors  Last Runtime    Last Run
--------------------------------  -----  ---------  --------  ----------  --------------  -------------------
/opt/airflow/dags/weather_etl.py    259  0.01s             1           0  0.18s           2025-08-24T20:04:56
================================================================================
[2025-08-24T20:05:57.638+0000] {manager.py:879} INFO - 
================================================================================
DAG File Processing Stats

File Path                           PID  Runtime      # DAGs    # Errors  Last Runtime    Last Run
--------------------------------  -----  ---------  --------  ----------  --------------  -------------------
/opt/airflow/dags/weather_etl.py    272  0.00s             1           0  0.21s           2025-08-24T20:05:27
================================================================================
[2025-08-24T20:06:28.259+0000] {manager.py:879} INFO - 
================================================================================
DAG File Processing Stats

File Path                           PID  Runtime      # DAGs    # Errors  Last Runtime    Last Run
--------------------------------  -----  ---------  --------  ----------  --------------  -------------------
/opt/airflow/dags/weather_etl.py    277  0.00s             1           0  0.16s           2025-08-24T20:05:57
================================================================================
[2025-08-24T20:06:58.775+0000] {manager.py:879} INFO - 
================================================================================
DAG File Processing Stats

File Path                           PID  Runtime      # DAGs    # Errors  Last Runtime    Last Run
--------------------------------  -----  ---------  --------  ----------  --------------  -------------------
/opt/airflow/dags/weather_etl.py    282  0.01s             1           0  0.16s           2025-08-24T20:06:28
================================================================================
[2025-08-24T20:07:29.356+0000] {manager.py:879} INFO - 
================================================================================
DAG File Processing Stats

File Path                           PID  Runtime      # DAGs    # Errors  Last Runtime    Last Run
--------------------------------  -----  ---------  --------  ----------  --------------  -------------------
/opt/airflow/dags/weather_etl.py    287  0.01s             1           0  0.16s           2025-08-24T20:06:58
================================================================================
[2025-08-24T20:07:59.853+0000] {manager.py:879} INFO - 
================================================================================
DAG File Processing Stats

File Path                           PID  Runtime      # DAGs    # Errors  Last Runtime    Last Run
--------------------------------  -----  ---------  --------  ----------  --------------  -------------------
/opt/airflow/dags/weather_etl.py    292  0.00s             1           0  0.22s           2025-08-24T20:07:29
================================================================================
[2025-08-24T20:08:30.107+0000] {manager.py:451} INFO - Exiting gracefully upon receiving signal 15
